2018-03-11 10:39:13.958  INFO 44007 --- [restartedMain] c.kaolashopping.kaola.KaolaApplication   : Starting KaolaApplication on Ellen with PID 44007 (/Users/ming.zhong/IdeaProjects/kaolashopping/target/classes started by ming.zhong in /Users/ming.zhong/IdeaProjects/kaolashopping)
2018-03-11 10:39:13.959  INFO 44007 --- [restartedMain] c.kaolashopping.kaola.KaolaApplication   : No active profile set, falling back to default profiles: default
2018-03-11 10:39:14.137  INFO 44007 --- [restartedMain] ationConfigEmbeddedWebApplicationContext : Refreshing org.springframework.boot.context.embedded.AnnotationConfigEmbeddedWebApplicationContext@55012a4d: startup date [Sun Mar 11 10:39:14 CST 2018]; root of context hierarchy
2018-03-11 10:39:15.138  INFO 44007 --- [restartedMain] .s.d.r.c.RepositoryConfigurationDelegate : Multiple Spring Data modules found, entering strict repository configuration mode!
2018-03-11 10:39:15.526  INFO 44007 --- [restartedMain] trationDelegate$BeanPostProcessorChecker : Bean 'org.springframework.cache.annotation.ProxyCachingConfiguration' of type [org.springframework.cache.annotation.ProxyCachingConfiguration$$EnhancerBySpringCGLIB$$5d919c42] is not eligible for getting processed by all BeanPostProcessors (for example: not eligible for auto-proxying)
2018-03-11 10:39:15.534  INFO 44007 --- [restartedMain] trationDelegate$BeanPostProcessorChecker : Bean 'org.springframework.transaction.annotation.ProxyTransactionManagementConfiguration' of type [org.springframework.transaction.annotation.ProxyTransactionManagementConfiguration$$EnhancerBySpringCGLIB$$147f6624] is not eligible for getting processed by all BeanPostProcessors (for example: not eligible for auto-proxying)
2018-03-11 10:39:16.052  INFO 44007 --- [restartedMain] s.b.c.e.t.TomcatEmbeddedServletContainer : Tomcat initialized with port(s): 8081 (http)
2018-03-11 10:39:16.063  INFO 44007 --- [restartedMain] o.apache.catalina.core.StandardService   : Starting service [Tomcat]
2018-03-11 10:39:16.064  INFO 44007 --- [restartedMain] org.apache.catalina.core.StandardEngine  : Starting Servlet Engine: Apache Tomcat/8.5.27
2018-03-11 10:39:16.172  INFO 44007 --- [localhost-startStop-1] o.a.c.c.C.[Tomcat].[localhost].[/]       : Initializing Spring embedded WebApplicationContext
2018-03-11 10:39:16.172  INFO 44007 --- [localhost-startStop-1] o.s.web.context.ContextLoader            : Root WebApplicationContext: initialization completed in 2039 ms
2018-03-11 10:39:16.366  INFO 44007 --- [localhost-startStop-1] o.s.b.w.servlet.ServletRegistrationBean  : Mapping servlet: 'dispatcherServlet' to [/]
2018-03-11 10:39:16.372  INFO 44007 --- [localhost-startStop-1] o.s.b.w.servlet.FilterRegistrationBean   : Mapping filter: 'characterEncodingFilter' to: [/*]
2018-03-11 10:39:16.374  INFO 44007 --- [localhost-startStop-1] o.s.b.w.servlet.FilterRegistrationBean   : Mapping filter: 'hiddenHttpMethodFilter' to: [/*]
2018-03-11 10:39:16.374  INFO 44007 --- [localhost-startStop-1] o.s.b.w.servlet.FilterRegistrationBean   : Mapping filter: 'httpPutFormContentFilter' to: [/*]
2018-03-11 10:39:16.375  INFO 44007 --- [localhost-startStop-1] o.s.b.w.servlet.FilterRegistrationBean   : Mapping filter: 'requestContextFilter' to: [/*]
2018-03-11 10:39:17.217  INFO 44007 --- [restartedMain] s.w.s.m.m.a.RequestMappingHandlerAdapter : Looking for @ControllerAdvice: org.springframework.boot.context.embedded.AnnotationConfigEmbeddedWebApplicationContext@55012a4d: startup date [Sun Mar 11 10:39:14 CST 2018]; root of context hierarchy
2018-03-11 10:39:17.278  INFO 44007 --- [restartedMain] s.w.s.m.m.a.RequestMappingHandlerMapping : Mapped "{[/homepage],methods=[GET]}" onto public org.springframework.web.servlet.ModelAndView com.kaolashopping.kaola.controller.ProductsController.homepage()
2018-03-11 10:39:17.283  INFO 44007 --- [restartedMain] s.w.s.m.m.a.RequestMappingHandlerMapping : Mapped "{[/doregister],methods=[POST]}" onto public java.lang.String com.kaolashopping.kaola.controller.UserController.register(javax.servlet.http.HttpServletRequest,javax.servlet.http.HttpServletResponse,com.kaolashopping.kaola.bean.User,java.lang.String)
2018-03-11 10:39:17.283  INFO 44007 --- [restartedMain] s.w.s.m.m.a.RequestMappingHandlerMapping : Mapped "{[/user/login],methods=[GET]}" onto public org.springframework.web.servlet.ModelAndView com.kaolashopping.kaola.controller.UserController.Login()
2018-03-11 10:39:17.284  INFO 44007 --- [restartedMain] s.w.s.m.m.a.RequestMappingHandlerMapping : Mapped "{[/dologin],methods=[POST]}" onto public java.lang.String com.kaolashopping.kaola.controller.UserController.LoginHandler(com.kaolashopping.kaola.bean.User,javax.servlet.http.HttpServletRequest,javax.servlet.http.HttpServletResponse)
2018-03-11 10:39:17.284  INFO 44007 --- [restartedMain] s.w.s.m.m.a.RequestMappingHandlerMapping : Mapped "{[/defaultKaptcha],methods=[GET]}" onto public void com.kaolashopping.kaola.controller.UserController.getVerifyImage(javax.servlet.http.HttpServletRequest,javax.servlet.http.HttpServletResponse) throws java.io.IOException
2018-03-11 10:39:17.284  INFO 44007 --- [restartedMain] s.w.s.m.m.a.RequestMappingHandlerMapping : Mapped "{[/user/register],methods=[GET]}" onto public org.springframework.web.servlet.ModelAndView com.kaolashopping.kaola.controller.UserController.getIndexPage()
2018-03-11 10:39:17.284  INFO 44007 --- [restartedMain] s.w.s.m.m.a.RequestMappingHandlerMapping : Mapped "{[/check/user],methods=[POST]}" onto public java.lang.String com.kaolashopping.kaola.controller.UserController.checkUser(java.lang.String)
2018-03-11 10:39:17.286  INFO 44007 --- [restartedMain] s.w.s.m.m.a.RequestMappingHandlerMapping : Mapped "{[/error]}" onto public org.springframework.http.ResponseEntity<java.util.Map<java.lang.String, java.lang.Object>> org.springframework.boot.autoconfigure.web.BasicErrorController.error(javax.servlet.http.HttpServletRequest)
2018-03-11 10:39:17.287  INFO 44007 --- [restartedMain] s.w.s.m.m.a.RequestMappingHandlerMapping : Mapped "{[/error],produces=[text/html]}" onto public org.springframework.web.servlet.ModelAndView org.springframework.boot.autoconfigure.web.BasicErrorController.errorHtml(javax.servlet.http.HttpServletRequest,javax.servlet.http.HttpServletResponse)
2018-03-11 10:39:17.324  INFO 44007 --- [restartedMain] o.s.w.s.handler.SimpleUrlHandlerMapping  : Mapped URL path [/webjars/**] onto handler of type [class org.springframework.web.servlet.resource.ResourceHttpRequestHandler]
2018-03-11 10:39:17.325  INFO 44007 --- [restartedMain] o.s.w.s.handler.SimpleUrlHandlerMapping  : Mapped URL path [/**] onto handler of type [class org.springframework.web.servlet.resource.ResourceHttpRequestHandler]
2018-03-11 10:39:17.373  INFO 44007 --- [restartedMain] o.s.w.s.handler.SimpleUrlHandlerMapping  : Mapped URL path [/**/favicon.ico] onto handler of type [class org.springframework.web.servlet.resource.ResourceHttpRequestHandler]
2018-03-11 10:39:17.689  INFO 44007 --- [restartedMain] o.s.w.s.v.f.FreeMarkerConfigurer         : ClassTemplateLoader for Spring macros added to FreeMarker configuration
2018-03-11 10:39:17.870  INFO 44007 --- [restartedMain] o.s.b.d.a.OptionalLiveReloadServer       : LiveReload server is running on port 35729
2018-03-11 10:39:17.878  WARN 44007 --- [restartedMain] arterDeprecationWarningAutoConfiguration : spring-boot-starter-redis is deprecated as of Spring Boot 1.4, please migrate to spring-boot-starter-data-redis
2018-03-11 10:39:18.092  INFO 44007 --- [restartedMain] o.s.j.e.a.AnnotationMBeanExporter        : Registering beans for JMX exposure on startup
2018-03-11 10:39:18.094  INFO 44007 --- [restartedMain] o.s.j.e.a.AnnotationMBeanExporter        : Bean with name 'dataSource' has been autodetected for JMX exposure
2018-03-11 10:39:18.100  INFO 44007 --- [restartedMain] o.s.j.e.a.AnnotationMBeanExporter        : Located MBean 'dataSource': registering with JMX server as MBean [com.alibaba.druid.pool:name=dataSource,type=DruidDataSource]
2018-03-11 10:39:18.176  INFO 44007 --- [restartedMain] s.b.c.e.t.TomcatEmbeddedServletContainer : Tomcat started on port(s): 8081 (http)
2018-03-11 10:39:18.183  INFO 44007 --- [restartedMain] c.kaolashopping.kaola.KaolaApplication   : Started KaolaApplication in 4.613 seconds (JVM running for 5.597)
2018-03-11 10:39:21.148  INFO 44007 --- [http-nio-8081-exec-1] o.a.c.c.C.[Tomcat].[localhost].[/]       : Initializing Spring FrameworkServlet 'dispatcherServlet'
2018-03-11 10:39:21.148  INFO 44007 --- [http-nio-8081-exec-1] o.s.web.servlet.DispatcherServlet        : FrameworkServlet 'dispatcherServlet': initialization started
2018-03-11 10:39:21.180  INFO 44007 --- [http-nio-8081-exec-1] o.s.web.servlet.DispatcherServlet        : FrameworkServlet 'dispatcherServlet': initialization completed in 32 ms
2018-03-11 10:39:51.775  INFO 44007 --- [Thread-18] ationConfigEmbeddedWebApplicationContext : Closing org.springframework.boot.context.embedded.AnnotationConfigEmbeddedWebApplicationContext@55012a4d: startup date [Sun Mar 11 10:39:14 CST 2018]; root of context hierarchy
2018-03-11 10:39:51.784  INFO 44007 --- [Thread-18] o.s.j.e.a.AnnotationMBeanExporter        : Unregistering JMX-exposed beans on shutdown
2018-03-11 10:39:51.785  INFO 44007 --- [Thread-18] o.s.j.e.a.AnnotationMBeanExporter        : Unregistering JMX-exposed beans
